<?xml version="1.0" encoding="UTF-8"?>
<!-- Generated by org.testng.reporters.JUnitReportReporter -->
<testsuite hostname="PL-IN-PF4G1VW7" failures="0" tests="1" name="testCases.TC02_LoginTest" time="1.406" errors="0" timestamp="2025-06-08T13:07:00 IST" skipped="0">
  <testcase classname="testCases.TC02_LoginTest" name="verifyLoginTest" time="1.406"/>
</testsuite> <!-- testCases.TC02_LoginTest -->
