<?xml version="1.0" encoding="UTF-8"?>
<!-- Generated by org.testng.reporters.JUnitReportReporter -->
<testsuite hostname="PL-IN-PF4G1VW7" failures="0" tests="1" name="testCases.TC01_AccountRegister" time="2.150" errors="0" timestamp="2025-06-09T18:22:39 IST" skipped="0">
  <testcase classname="testCases.TC01_AccountRegister" name="verify_account_registration" time="2.150"/>
</testsuite> <!-- testCases.TC01_AccountRegister -->
